\BOOKMARK [0][]{chapter.1}{\376\377\0001\000\040\000I\000n\000t\000r\000o\000d\000u\000c\000t\000i\000o\000n}{}% 1
\BOOKMARK [1][]{section.1.1}{\376\377\0001\000.\0001\000\040\000H\000i\000s\000t\000o\000r\000y\000\040\000o\000f\000\040\000t\000h\000e\000\040\000M\000e\000t\000a\000v\000e\000r\000s\000e}{chapter.1}% 2
\BOOKMARK [2][]{subsection.1.1.1}{\376\377\0001\000.\0001\000.\0001\000\040\0001\0009\0007\0000\000\040\000-\000\040\000S\000c\000i\000-\000F\000i\000\040\000O\000r\000i\000g\000i\000n\000s\000:}{section.1.1}% 3
\BOOKMARK [2][]{subsection.1.1.2}{\376\377\0001\000.\0001\000.\0002\000\040\000E\000a\000r\000l\000y\000\040\000v\000i\000r\000t\000u\000a\000l\000\040\000w\000o\000r\000l\000d\000s\000:}{section.1.1}% 4
\BOOKMARK [2][]{subsection.1.1.3}{\376\377\0001\000.\0001\000.\0003\000\040\0001\0009\0009\0000\000\040\000-\000\040\000E\000m\000e\000r\000g\000e\000n\000c\000e\000\040\000o\000f\000\040\0003\000D\000\040\000v\000i\000r\000t\000u\000a\000l\000\040\000w\000o\000r\000l\000d\000s\000:}{section.1.1}% 5
\BOOKMARK [2][]{subsection.1.1.4}{\376\377\0001\000.\0001\000.\0004\000\040\0002\0000\0000\0000\000\040\000-\000\040\000O\000n\000l\000i\000n\000e\000\040\000G\000a\000m\000e\000s\000\040\000a\000n\000d\000\040\000S\000o\000c\000i\000a\000l\000\040\000M\000e\000d\000i\000a\000:}{section.1.1}% 6
\BOOKMARK [2][]{subsection.1.1.5}{\376\377\0001\000.\0001\000.\0005\000\040\0002\0000\0001\0000\000\040\000-\000\040\000V\000R\000\040\000a\000n\000d\000\040\000A\000R\000:}{section.1.1}% 7
\BOOKMARK [2][]{subsection.1.1.6}{\376\377\0001\000.\0001\000.\0006\000\040\000C\000u\000r\000r\000e\000n\000t\000\040\000d\000e\000v\000e\000l\000o\000p\000m\000e\000n\000t\000s\000:}{section.1.1}% 8
\BOOKMARK [1][]{section.1.2}{\376\377\0001\000.\0002\000\040\000T\000h\000e\000\040\000F\000u\000t\000u\000r\000e\000\040\000o\000f\000\040\000t\000h\000e\000\040\000M\000e\000t\000a\000v\000e\000r\000s\000e}{chapter.1}% 9
\BOOKMARK [1][]{section.1.3}{\376\377\0001\000.\0003\000\040\000H\000o\000w\000\040\000M\000e\000t\000a\000v\000e\000r\000s\000e\000\040\000W\000o\000u\000l\000d\000\040\000E\000x\000c\000e\000l}{chapter.1}% 10
\BOOKMARK [0][]{chapter.2}{\376\377\0002\000\040\000L\000i\000t\000e\000r\000a\000t\000u\000r\000e\000\040\000o\000v\000e\000r\000v\000i\000e\000w}{}% 11
\BOOKMARK [1][]{section.2.1}{\376\377\0002\000.\0001\000\040\000A\000l\000l\000\040\000o\000n\000e\000\040\000n\000e\000e\000d\000s\000\040\000t\000o\000\040\000k\000n\000o\000w\000\040\000a\000b\000o\000u\000t\000\040\000m\000e\000t\000a\000v\000e\000r\000s\000e\000:\000\040\000A\000\040\000c\000o\000m\000p\000l\000e\000t\000e\000\040\000s\000u\000r\000v\000e\000y\000\040\000o\000n\000\040\000t\000e\000c\000h\000n\000o\000l\000o\000g\000i\000c\000a\000l\000\040\000s\000i\000n\000g\000u\000l\000a\000r\000i\000t\000y\000,\000\040\000v\000i\000r\000t\000u\000a\000l\000\040\000e\000c\000o\000s\000y\000s\000t\000e\000m\000,\000\040\000a\000n\000d\000\040\000r\000e\000s\000e\000a\000r\000c\000h\000\040\000a\000g\000e\000n\000d\000a\000\040\000l\000e\000e\0002\0000\0002\0001\000a\000l\000l\000B\000o\000o\000k\000C\000h\000a\000p\000t\000e\000r\0001}{chapter.2}% 12
\BOOKMARK [1][]{section.2.2}{\376\377\0002\000.\0002\000\040\000H\000e\000a\000l\000t\000h\000c\000a\000r\000e\000\040\000i\000n\000\040\000m\000e\000t\000a\000v\000e\000r\000s\000e\000:\000\040\000A\000\040\000s\000u\000r\000v\000e\000y\000\040\000o\000n\000\040\000c\000u\000r\000r\000e\000n\000t\000\040\000m\000e\000t\000a\000v\000e\000r\000s\000e\000\040\000a\000p\000p\000l\000i\000c\000a\000t\000i\000o\000n\000s\000\040\000i\000n\000\040\000h\000e\000a\000l\000t\000h\000c\000a\000r\000e\000b\000a\000n\000s\000a\000l\0002\0000\0002\0002\000h\000e\000a\000l\000t\000h\000c\000a\000r\000e\000J\000o\000u\000r\000n\000a\000l\000A\000r\000t\000i\000c\000l\000e\0001\0002}{chapter.2}% 13
\BOOKMARK [1][]{section.2.3}{\376\377\0002\000.\0003\000\040\000M\000e\000d\000i\000c\000a\000l\000\040\000M\000e\000t\000a\000v\000e\000r\000s\000e\000:\000\040\000T\000e\000c\000h\000n\000o\000l\000o\000g\000y\000,\000\040\000A\000p\000p\000l\000i\000c\000a\000t\000i\000o\000n\000s\000,\000\040\000C\000h\000a\000l\000l\000e\000n\000g\000e\000s\000\040\000a\000n\000d\000\040\000F\000u\000t\000u\000r\000e\000s\000h\000a\000o\0002\0000\0002\0003\000m\000e\000d\000i\000c\000a\000l}{chapter.2}% 14
\BOOKMARK [1][]{section.2.4}{\376\377\0002\000.\0004\000\040\000T\000h\000e\000\040\000M\000e\000t\000a\000v\000e\000r\000s\000e\000\040\000f\000o\000r\000\040\000H\000e\000a\000l\000t\000h\000c\000a\000r\000e\000:\000\040\000A\000\040\000S\000u\000r\000v\000e\000y\000\040\000o\000f\000\040\000P\000o\000t\000e\000n\000t\000i\000a\000l\000\040\000A\000p\000p\000l\000i\000c\000a\000t\000i\000o\000n\000s\000,\000\040\000C\000h\000a\000l\000l\000e\000n\000g\000e\000s\000,\000\040\000a\000n\000d\000\040\000F\000u\000t\000u\000r\000e\000\040\000D\000i\000r\000e\000c\000t\000i\000o\000n\000s\000.\000y\000e\000n\000d\000u\000r\000i\000m\000e\000t\000a\000v\000e\000r\000s\000e\000J\000o\000u\000r\000n\000a\000l\000A\000r\000t\000i\000c\000l\000e\0001\0000}{chapter.2}% 15
\BOOKMARK [1][]{section.2.5}{\376\377\0002\000.\0005\000\040\000R\000e\000v\000o\000l\000u\000t\000i\000o\000n\000i\000z\000i\000n\000g\000\040\000M\000e\000d\000i\000c\000a\000l\000\040\000E\000d\000u\000c\000a\000t\000i\000o\000n\000\040\000w\000i\000t\000h\000\040\000M\000e\000t\000a\000v\000e\000r\000s\000e\000b\000a\000s\000k\000a\000r\0002\0000\0002\0002\000r\000e\000v\000o\000l\000u\000t\000i\000o\000n\000i\000z\000i\000n\000g\000J\000o\000u\000r\000n\000a\000l\000A\000r\000t\000i\000c\000l\000e\0009}{chapter.2}% 16
\BOOKMARK [1][]{section.2.6}{\376\377\0002\000.\0006\000\040\000T\000h\000e\000\040\000M\000e\000t\000a\000v\000e\000r\000s\000e\000\040\000i\000n\000\040\000M\000e\000d\000i\000c\000a\000l\000\040\000E\000d\000u\000c\000a\000t\000i\000o\000n\000\040\000a\000n\000d\000\040\000C\000l\000i\000n\000i\000c\000a\000l\000\040\000P\000r\000a\000c\000t\000i\000c\000e\000j\000u\000a\000n\0002\0000\0002\0003\000m\000e\000t\000a\000v\000e\000r\000s\000e}{chapter.2}% 17
\BOOKMARK [1][]{section.2.7}{\376\377\0002\000.\0007\000\040\000V\000i\000r\000t\000u\000a\000l\000\040\000r\000e\000a\000l\000i\000t\000y\000\040\000a\000n\000d\000\040\000t\000h\000e\000\040\000t\000r\000a\000n\000s\000f\000o\000r\000m\000a\000t\000i\000o\000n\000\040\000o\000f\000\040\000m\000e\000d\000i\000c\000a\000l\000\040\000e\000d\000u\000c\000a\000t\000i\000o\000n\000p\000o\000t\000t\000l\000e\0002\0000\0001\0009\000v\000i\000r\000t\000u\000a\000l}{chapter.2}% 18
\BOOKMARK [1][]{section.2.8}{\376\377\0002\000.\0008\000\040\000A\000\040\000V\000i\000r\000t\000u\000a\000l\000\040\000R\000e\000a\000l\000i\000t\000y\000\040\000f\000o\000r\000\040\000t\000h\000e\000\040\000D\000i\000g\000i\000t\000a\000l\000\040\000S\000u\000r\000g\000e\000o\000n\000v\000e\000l\000a\000z\000q\000u\000e\000z\0002\0000\0002\0001\000v\000i\000r\000t\000u\000a\000l}{chapter.2}% 19
\BOOKMARK [1][]{section.2.9}{\376\377\0002\000.\0009\000\040\000T\000r\000a\000n\000s\000f\000o\000r\000m\000i\000n\000g\000\040\000m\000e\000d\000i\000c\000a\000l\000\040\000e\000d\000u\000c\000a\000t\000i\000o\000n\000\040\000a\000n\000d\000\040\000t\000r\000a\000i\000n\000i\000n\000g\000\040\000w\000i\000t\000h\000\040\000V\000R\000\040\000u\000s\000i\000n\000g\000\040\000M\000.\000A\000.\000G\000.\000E\000.\000S\000.\000P\000r\000o\000c\000e\000e\000d\000i\000n\000g\000s\000A\000r\000t\000i\000c\000l\000e}{chapter.2}% 20
\BOOKMARK [1][]{section.2.10}{\376\377\0002\000.\0001\0000\000\040\000V\000i\000r\000t\000u\000a\000l\000\040\000R\000e\000a\000l\000i\000t\000y\000\040\000i\000n\000\040\000M\000e\000d\000i\000c\000i\000n\000e\000J\000o\000u\000r\000n\000a\000l\000A\000r\000t\000i\000c\000l\000e\000J\000o\000u\000r\000n\000a\000l\000A\000r\000t\000i\000c\000l\000e\0001\0001}{chapter.2}% 21
\BOOKMARK [1][]{section.2.11}{\376\377\0002\000.\0001\0001\000\040\000A\000\040\000V\000i\000r\000t\000u\000a\000l\000\040\000E\000n\000v\000i\000r\000o\000n\000m\000e\000n\000t\000\040\000f\000o\000r\000\040\000T\000r\000a\000i\000n\000i\000n\000g\000\040\000a\000n\000d\000\040\000A\000s\000s\000e\000s\000s\000m\000e\000n\000t\000\040\000o\000f\000\040\000S\000u\000r\000g\000i\000c\000a\000l\000\040\000T\000e\000a\000m\000s\000p\000a\000p\000a\000g\000i\000a\000n\000n\000a\000k\000i\000s\0002\0000\0001\0008\000v\000i\000r\000t\000u\000a\000l}{chapter.2}% 22
\BOOKMARK [1][]{section.2.12}{\376\377\0002\000.\0001\0002\000\040\000V\000i\000r\000t\000u\000a\000l\000\040\000r\000e\000a\000l\000i\000t\000y\000\040\000t\000e\000c\000h\000n\000o\000l\000o\000g\000y\000\040\000a\000n\000d\000\040\000i\000t\000s\000\040\000a\000p\000p\000l\000i\000c\000a\000t\000i\000o\000n\000\040\000i\000n\000\040\000m\000o\000d\000e\000r\000n\000\040\000m\000e\000d\000i\000c\000i\000n\000e\000\040\000J\000o\000u\000r\000n\000a\000l\000A\000r\000t\000i\000c\000l\000e}{chapter.2}% 23
\BOOKMARK [1][]{section.2.13}{\376\377\0002\000.\0001\0003\000\040\000R\000o\000l\000e\000\040\000o\000f\000\040\000v\000i\000r\000t\000u\000a\000l\000\040\000r\000e\000a\000l\000i\000t\000y\000\040\000f\000o\000r\000\040\000h\000e\000a\000l\000t\000h\000c\000a\000r\000e\000\040\000e\000d\000u\000c\000a\000t\000i\000o\000n\000\040\000B\000o\000o\000k\000C\000h\000a\000p\000t\000e\000r}{chapter.2}% 24
\BOOKMARK [1][]{section.2.14}{\376\377\0002\000.\0001\0004\000\040\000N\000e\000x\000t\000-\000G\000e\000n\000\040\000M\000u\000l\000s\000e\000m\000e\000d\000i\000a\000:\000\040\000V\000i\000r\000t\000u\000a\000l\000\040\000R\000e\000a\000l\000i\000t\000y\000\040\000H\000a\000p\000t\000i\000c\000\040\000S\000i\000m\000u\000l\000a\000t\000o\000r\040\031\000s\000\040\000I\000m\000p\000a\000c\000t\000\040\000o\000n\000\040\000M\000e\000d\000i\000c\000a\000l\000\040\000P\000r\000a\000c\000t\000i\000t\000i\000o\000n\000e\000r\000\040\000f\000o\000r\000\040\000H\000i\000g\000h\000e\000r\000\040\000E\000d\000u\000c\000a\000t\000i\000o\000n\000\040\000I\000n\000s\000t\000i\000t\000u\000t\000i\000o\000n\000s\000j\000o\000u\000r\000n\000a\000l\000a\000r\000t\000i\000c\000l\000e\0004\000J\000o\000u\000r\000n\000a\000l\000A\000r\000t\000i\000c\000l\000e\0005\000J\000o\000u\000r\000n\000a\000l\000A\000r\000t\000i\000c\000l\000e\0008}{chapter.2}% 25
\BOOKMARK [1][]{section.2.15}{\376\377\0002\000.\0001\0005\000\040\000D\000e\000s\000i\000g\000n\000\040\000a\000n\000d\000\040\000i\000m\000p\000l\000e\000m\000e\000n\000t\000a\000t\000i\000o\000n\000\040\000o\000f\000\040\000a\000\040\0003\000D\000\040\000d\000i\000g\000e\000s\000t\000i\000v\000e\000\040\000t\000e\000a\000c\000h\000i\000n\000g\000\040\000s\000y\000s\000t\000e\000m\000\040\000b\000a\000s\000e\000d\000\040\000o\000n\000\040\000v\000i\000r\000t\000u\000a\000l\000\040\000r\000e\000a\000l\000i\000t\000y\000\040\000t\000e\000c\000h\000n\000o\000l\000o\000g\000y\000\040\000i\000n\000\040\000m\000o\000d\000e\000r\000n\000\040\000m\000e\000d\000i\000c\000a\000l\000\040\000e\000d\000u\000c\000a\000t\000i\000o\000n\000J\000o\000u\000r\000n\000a\000l\0001}{chapter.2}% 26
\BOOKMARK [1][]{section.2.16}{\376\377\0002\000.\0001\0006\000\040\000A\000\040\000V\000i\000r\000t\000u\000a\000l\000\040\000O\000p\000e\000r\000a\000t\000i\000n\000g\000\040\000R\000o\000o\000m\000\040\000f\000o\000r\000\040\000C\000o\000n\000t\000e\000x\000t\000-\000R\000e\000l\000e\000v\000a\000n\000t\000\040\000T\000r\000a\000i\000n\000i\000n\000g\000\040\000J\000o\000u\000r\000n\000a\000l\000A\000r\000t\000i\000c\000l\000e\0002}{chapter.2}% 27
\BOOKMARK [1][]{section.2.17}{\376\377\0002\000.\0001\0007\000\040\000V\000i\000r\000t\000u\000a\000l\000\040\000r\000e\000a\000l\000i\000t\000y\000\040\000s\000u\000r\000g\000i\000c\000a\000l\000\040\000t\000r\000a\000i\000n\000i\000n\000g\000\040\000a\000n\000d\000\040\000a\000s\000s\000e\000s\000s\000m\000e\000n\000t\000\040\000s\000y\000s\000t\000e\000m\000J\000o\000u\000r\000n\000a\000l\000A\000r\000t\000i\000c\000l\000e\0003\000J\000o\000u\000r\000n\000a\000l\000A\000r\000t\000i\000c\000l\000e\0007}{chapter.2}% 28
\BOOKMARK [0][]{chapter.3}{\376\377\0003\000\040\000P\000r\000o\000j\000e\000c\000t\000\040\000V\000i\000s\000i\000o\000n}{}% 29
\BOOKMARK [1][]{section.3.1}{\376\377\0003\000.\0001\000\040\000P\000r\000o\000b\000l\000e\000m\000\040\000S\000t\000a\000t\000e\000m\000e\000n\000t}{chapter.3}% 30
\BOOKMARK [1][]{section.3.2}{\376\377\0003\000.\0002\000\040\000G\000o\000a\000l\000s}{chapter.3}% 31
\BOOKMARK [1][]{section.3.3}{\376\377\0003\000.\0003\000\040\000P\000r\000o\000j\000e\000c\000t\000\040\000S\000c\000o\000p\000e}{chapter.3}% 32
\BOOKMARK [1][]{section.3.4}{\376\377\0003\000.\0004\000\040\000L\000i\000m\000i\000t\000a\000t\000i\000o\000n\000s}{chapter.3}% 33
\BOOKMARK [1][]{section.3.5}{\376\377\0003\000.\0005\000\040\000S\000t\000a\000k\000e\000h\000o\000l\000d\000e\000r\000s}{chapter.3}% 34
\BOOKMARK [0][]{chapter.4}{\376\377\0004\000\040\000S\000o\000f\000t\000w\000a\000r\000e\000\040\000R\000e\000q\000u\000i\000r\000e\000m\000e\000n\000t\000s\000\040\000S\000p\000e\000c\000i\000f\000i\000c\000a\000t\000i\000o\000n}{}% 35
\BOOKMARK [1][]{section.4.1}{\376\377\0004\000.\0001\000\040\000L\000i\000s\000t\000\040\000o\000f\000\040\000f\000u\000n\000c\000t\000i\000o\000n\000s}{chapter.4}% 36
\BOOKMARK [1][]{section.4.2}{\376\377\0004\000.\0002\000\040\000T\000e\000s\000t\000\040\000p\000l\000a\000n\000\040\000\050\000t\000e\000s\000t\000\040\000l\000e\000v\000e\000l\000,\000\040\000t\000e\000s\000t\000\040\000t\000e\000c\000h\000n\000i\000q\000u\000e\000s\000\051}{chapter.4}% 37
\BOOKMARK [1][]{section.4.3}{\376\377\0004\000.\0003\000\040\000U\000s\000e\000\040\000C\000a\000s\000e\000\040\000D\000i\000a\000g\000r\000a\000m}{chapter.4}% 38
\BOOKMARK [1][]{section.4.4}{\376\377\0004\000.\0004\000\040\000S\000o\000f\000t\000w\000a\000r\000e\000\040\000D\000e\000v\000e\000l\000o\000p\000m\000e\000n\000t\000\040\000P\000l\000a\000n}{chapter.4}% 39
\BOOKMARK [1][]{section.4.5}{\376\377\0004\000.\0005\000\040\000S\000y\000s\000t\000e\000m\000\040\000D\000i\000a\000g\000r\000a\000m}{chapter.4}% 40
\BOOKMARK [1][]{section.4.6}{\376\377\0004\000.\0006\000\040\000A\000c\000t\000i\000v\000i\000t\000y\000\040\000D\000a\000i\000g\000r\000a\000m}{chapter.4}% 41
\BOOKMARK [1][]{section.4.7}{\376\377\0004\000.\0007\000\040\000T\000o\000o\000l\000s\000\040\000a\000n\000d\000\040\000T\000e\000c\000h\000n\000o\000l\000o\000g\000i\000e\000s\000\040\000u\000s\000e\000d}{chapter.4}% 42
\BOOKMARK [2][]{subsection.4.7.1}{\376\377\0004\000.\0007\000.\0001\000\040\000C\000-\000S\000h\000a\000r\000p\000:}{section.4.7}% 43
\BOOKMARK [2][]{subsection.4.7.2}{\376\377\0004\000.\0007\000.\0002\000\040\000B\000l\000e\000n\000d\000e\000r}{section.4.7}% 44
\BOOKMARK [2][]{subsection.4.7.3}{\376\377\0004\000.\0007\000.\0003\000\040\000G\000i\000t}{section.4.7}% 45
\BOOKMARK [2][]{subsection.4.7.4}{\376\377\0004\000.\0007\000.\0004\000\040\000G\000i\000t\000H\000u\000b}{section.4.7}% 46
\BOOKMARK [2][]{subsection.4.7.5}{\376\377\0004\000.\0007\000.\0005\000\040\000M\000e\000t\000a}{section.4.7}% 47
\BOOKMARK [2][]{subsection.4.7.6}{\376\377\0004\000.\0007\000.\0006\000\040\000U\000n\000i\000t\000y}{section.4.7}% 48
\BOOKMARK [2][]{subsection.4.7.7}{\376\377\0004\000.\0007\000.\0007\000\040\000M\000e\000t\000a\000\040\000Q\000u\000e\000s\000t\000\040\0002}{section.4.7}% 49
\BOOKMARK [2][]{subsection.4.7.8}{\376\377\0004\000.\0007\000.\0008\000\040\000M\000i\000c\000r\000o\000s\000o\000f\000t\000\040\000V\000i\000s\000u\000a\000l\000\040\000C\000+\000+}{section.4.7}% 50
\BOOKMARK [0][]{chapter.5}{\376\377\0005\000\040\000I\000t\000e\000r\000a\000t\000i\000o\000n\000\040\000P\000l\000a\000n}{}% 51
\BOOKMARK [1][]{section.5.1}{\376\377\0005\000.\0001\000\040\000P\000l\000a\000n\000n\000i\000n\000g\000\040\000S\000t\000r\000a\000t\000e\000g\000y}{chapter.5}% 52
\BOOKMARK [2][]{subsection.5.1.1}{\376\377\0005\000.\0001\000.\0001\000\040\000F\000Y\000P\000\040\0001\000\040\000M\000i\000d\000:}{section.5.1}% 53
\BOOKMARK [2][]{subsection.5.1.2}{\376\377\0005\000.\0001\000.\0002\000\040\000F\000Y\000P\000\040\0001\000\040\000F\000i\000n\000a\000l\000:}{section.5.1}% 54
\BOOKMARK [2][]{subsection.5.1.3}{\376\377\0005\000.\0001\000.\0003\000\040\000F\000Y\000P\000\040\0002\000\040\000M\000i\000d\000:}{section.5.1}% 55
\BOOKMARK [2][]{subsection.5.1.4}{\376\377\0005\000.\0001\000.\0004\000\040\000F\000Y\000P\000\040\0002\000\040\000F\000i\000n\000a\000l\000:}{section.5.1}% 56
\BOOKMARK [0][]{chapter.6}{\376\377\0006\000\040\000I\000t\000e\000r\000a\000t\000i\000o\000n\000\040\0001\000\040\000\050\000F\000Y\000P\000-\0001\000\040\000M\000i\000d\000\051}{}% 57
\BOOKMARK [1][]{section.6.1}{\376\377\0006\000.\0001\000\040\000L\000i\000t\000e\000r\000a\000t\000u\000r\000e\000\040\000r\000e\000v\000i\000e\000w\000\040\000r\000e\000l\000a\000t\000e\000d\000\040\000M\000e\000t\000a\000v\000e\000r\000s\000e\000,\000\040\000a\000n\000d\000\040\000H\000e\000a\000l\000t\000h\000c\000a\000r\000e}{chapter.6}% 58
\BOOKMARK [1][]{section.6.2}{\376\377\0006\000.\0002\000\040\000D\000e\000s\000i\000g\000n\000e\000d\000\040\000U\000s\000e\000-\000c\000a\000s\000e\000,\000\040\000S\000y\000s\000t\000e\000m\000\040\000D\000i\000a\000g\000r\000a\000m}{chapter.6}% 59
\BOOKMARK [1][]{section.6.3}{\376\377\0006\000.\0003\000\040\000U\000s\000e\000\040\000C\000a\000s\000e\000\040\000D\000i\000a\000g\000r\000a\000m}{chapter.6}% 60
\BOOKMARK [1][]{section.6.4}{\376\377\0006\000.\0004\000\040\000S\000y\000s\000t\000e\000m\000\040\000D\000i\000a\000g\000r\000a\000m}{chapter.6}% 61
\BOOKMARK [1][]{section.6.5}{\376\377\0006\000.\0005\000\040\000A\000c\000t\000i\000v\000i\000t\000y\000\040\000D\000i\000a\000g\000r\000a\000m}{chapter.6}% 62
\BOOKMARK [0][]{chapter.7}{\376\377\0007\000\040\000I\000t\000e\000r\000a\000t\000i\000o\000n\000\040\000P\000l\000a\000n\000\040\0002\000\040\000\050\000F\000Y\000P\000\040\0001\000\040\000F\000i\000n\000a\000l\000\051}{}% 63
\BOOKMARK [1][]{section.7.1}{\376\377\0007\000.\0001\000\040\000F\000Y\000P\000\040\0001\000\040\000F\000i\000n\000a\000l\000:}{chapter.7}% 64
\BOOKMARK [1][]{section.7.2}{\376\377\0007\000.\0002\000\040\000D\000e\000s\000i\000g\000n\000e\000d\000\040\000b\000a\000s\000i\000c\000\040\000e\000n\000v\000i\000r\000o\000n\000m\000e\000n\000t\000\040\000o\000f\000\040\000H\000o\000s\000p\000i\000t\000a\000l\000:}{chapter.7}% 65
\BOOKMARK [2][]{subsection.7.2.1}{\376\377\0007\000.\0002\000.\0001\000\040\000H\000o\000s\000p\000i\000t\000a\000l\000\040\000E\000n\000t\000r\000a\000n\000c\000e\000:}{section.7.2}% 66
\BOOKMARK [2][]{subsection.7.2.2}{\376\377\0007\000.\0002\000.\0002\000\040\000R\000e\000c\000e\000p\000t\000i\000o\000n\000\040\000A\000r\000e\000a\000:}{section.7.2}% 67
\BOOKMARK [2][]{subsection.7.2.3}{\376\377\0007\000.\0002\000.\0003\000\040\000W\000a\000i\000t\000i\000n\000g\000\040\000A\000r\000e\000a\000:}{section.7.2}% 68
\BOOKMARK [2][]{subsection.7.2.4}{\376\377\0007\000.\0002\000.\0004\000\040\000P\000a\000t\000i\000e\000n\000t\000\040\000R\000o\000o\000m\000s\000:}{section.7.2}% 69
\BOOKMARK [2][]{subsection.7.2.5}{\376\377\0007\000.\0002\000.\0005\000\040\000P\000a\000t\000i\000e\000n\000t\000\040\000B\000o\000d\000y\000:}{section.7.2}% 70
\BOOKMARK [0][]{chapter.8}{\376\377\0008\000\040\000I\000t\000e\000r\000a\000t\000i\000o\000n\000\040\0003\000\040\000\050\000F\000Y\000P\000-\0002\000\040\000M\000i\000d\000\051}{}% 71
\BOOKMARK [1][]{section.8.1}{\376\377\0008\000.\0001\000\040\000F\000Y\000P\000-\0002\000\040\000M\000i\000d}{chapter.8}% 72
\BOOKMARK [2][]{subsection.8.1.1}{\376\377\0008\000.\0001\000.\0001\000\040\000T\000o\000o\000l\000s\000\040\000a\000n\000d\000\040\000M\000e\000d\000i\000c\000i\000n\000e\000s}{section.8.1}% 73
\BOOKMARK [2][]{subsection.8.1.2}{\376\377\0008\000.\0001\000.\0002\000\040\000T\000o\000o\000l\000s\000\040\000G\000r\000a\000b\000b\000i\000n\000g}{section.8.1}% 74
\BOOKMARK [3][]{subsubsection.8.1.2.1}{\376\377\0008\000.\0001\000.\0002\000.\0001\000\040\000H\000a\000n\000d\000s\000\040\000W\000a\000s\000h\000i\000n\000g}{subsection.8.1.2}% 75
\BOOKMARK [3][]{subsubsection.8.1.2.2}{\376\377\0008\000.\0001\000.\0002\000.\0002\000\040\000P\000o\000u\000r\000\040\000A\000l\000c\000o\000h\000o\000l}{subsection.8.1.2}% 76
\BOOKMARK [3][]{subsubsection.8.1.2.3}{\376\377\0008\000.\0001\000.\0002\000.\0003\000\040\000C\000l\000e\000a\000n\000\040\000t\000h\000e\000\040\000i\000n\000j\000e\000c\000t\000i\000o\000n\000\040\000s\000i\000t\000e}{subsection.8.1.2}% 77
\BOOKMARK [3][]{subsubsection.8.1.2.4}{\376\377\0008\000.\0001\000.\0002\000.\0004\000\040\000D\000i\000s\000p\000o\000s\000e\000\040\000t\000h\000e\000\040\000C\000o\000t\000t\000o\000n}{subsection.8.1.2}% 78
\BOOKMARK [3][]{subsubsection.8.1.2.5}{\376\377\0008\000.\0001\000.\0002\000.\0005\000\040\000P\000i\000c\000k\000i\000n\000g\000\040\000t\000h\000e\000\040\000i\000n\000j\000e\000c\000t\000i\000o\000n}{subsection.8.1.2}% 79
\BOOKMARK [3][]{subsubsection.8.1.2.6}{\376\377\0008\000.\0001\000.\0002\000.\0006\000\040\000I\000n\000j\000e\000c\000t\000\040\000t\000h\000e\000\040\000m\000e\000d\000i\000c\000a\000t\000i\000o\000n}{subsection.8.1.2}% 80
\BOOKMARK [3][]{subsubsection.8.1.2.7}{\376\377\0008\000.\0001\000.\0002\000.\0007\000\040\000A\000p\000p\000l\000y\000i\000n\000g\000\040\000C\000u\000t\000\040\000o\000n\000\040\000B\000o\000d\000y}{subsection.8.1.2}% 81
\BOOKMARK [3][]{subsubsection.8.1.2.8}{\376\377\0008\000.\0001\000.\0002\000.\0008\000\040\000O\000b\000j\000e\000c\000t\000s\000\040\000M\000o\000v\000e\000m\000e\000n\000t}{subsection.8.1.2}% 82
\BOOKMARK [1][]{section.8.2}{\376\377\0008\000.\0002\000\040\000S\000V\000N\000\040\000o\000r\000\040\000G\000i\000t\000H\000u\000b}{chapter.8}% 83
\BOOKMARK [0][]{chapter.9}{\376\377\0009\000\040\000I\000t\000e\000r\000a\000t\000i\000o\000n\000\040\0004}{}% 84
\BOOKMARK [1][]{section.9.1}{\376\377\0009\000.\0001\000\040\000I\000n\000t\000r\000o\000d\000u\000c\000t\000i\000o\000n}{chapter.9}% 85
\BOOKMARK [1][]{section.9.2}{\376\377\0009\000.\0002\000\040\000I\000n\000t\000e\000g\000r\000a\000t\000i\000o\000n\000\040\000P\000r\000o\000c\000e\000s\000s\000\040\000w\000i\000t\000h\000\040\000K\000e\000y\000b\000o\000a\000r\000d}{chapter.9}% 86
\BOOKMARK [1][]{section.9.3}{\376\377\0009\000.\0003\000\040\000I\000n\000t\000e\000g\000r\000a\000t\000i\000o\000n\000\040\000P\000r\000o\000c\000e\000s\000s\000\040\000w\000i\000t\000h\000\040\000M\000e\000t\000a\000\040\000Q\000u\000e\000s\000t\000\040\0002}{chapter.9}% 87
\BOOKMARK [1][]{section.9.4}{\376\377\0009\000.\0004\000\040\000T\000e\000s\000t\000i\000n\000g\000\040\000a\000n\000d\000\040\000C\000a\000l\000i\000b\000r\000a\000t\000i\000o\000n}{chapter.9}% 88
\BOOKMARK [1][]{section.9.5}{\376\377\0009\000.\0005\000\040\000E\000n\000h\000a\000n\000c\000e\000m\000e\000n\000t\000s\000\040\000a\000n\000d\000\040\000F\000e\000a\000t\000u\000r\000e\000s}{chapter.9}% 89
\BOOKMARK [1][]{section.9.6}{\376\377\0009\000.\0006\000\040\000C\000h\000a\000l\000l\000e\000n\000g\000e\000s\000\040\000a\000n\000d\000\040\000S\000o\000l\000u\000t\000i\000o\000n\000s}{chapter.9}% 90
\BOOKMARK [1][]{section.9.7}{\376\377\0009\000.\0007\000\040\000F\000u\000t\000u\000r\000e\000\040\000D\000i\000r\000e\000c\000t\000i\000o\000n\000s}{chapter.9}% 91
\BOOKMARK [1][]{section.9.8}{\376\377\0009\000.\0008\000\040\000C\000o\000n\000c\000l\000u\000s\000i\000o\000n}{chapter.9}% 92
\BOOKMARK [0][]{chapter.10}{\376\377\0001\0000\000\040\000I\000m\000p\000l\000e\000m\000e\000n\000t\000a\000t\000i\000o\000n\000\040\000D\000e\000t\000a\000i\000l\000s}{}% 93
\BOOKMARK [1][]{section.10.1}{\376\377\0001\0000\000.\0001\000\040\000I\000n\000t\000r\000o\000d\000u\000c\000t\000i\000o\000n}{chapter.10}% 94
\BOOKMARK [1][]{section.10.2}{\376\377\0001\0000\000.\0002\000\040\000U\000s\000e\000r\000\040\000A\000u\000t\000h\000e\000n\000t\000i\000c\000a\000t\000i\000o\000n\000\040\000a\000n\000d\000\040\000E\000n\000v\000i\000r\000o\000n\000m\000e\000n\000t\000\040\000A\000c\000c\000e\000s\000s}{chapter.10}% 95
\BOOKMARK [1][]{section.10.3}{\376\377\0001\0000\000.\0003\000\040\000N\000a\000v\000i\000g\000a\000t\000i\000o\000n\000\040\000t\000o\000\040\000t\000h\000e\000\040\000V\000i\000r\000t\000u\000a\000l\000\040\000H\000o\000s\000p\000i\000t\000a\000l\000\040\000E\000n\000v\000i\000r\000o\000n\000m\000e\000n\000t}{chapter.10}% 96
\BOOKMARK [1][]{section.10.4}{\376\377\0001\0000\000.\0004\000\040\000S\000c\000e\000n\000a\000r\000i\000o\000\040\000S\000e\000l\000e\000c\000t\000i\000o\000n\000\040\000a\000n\000d\000\040\000P\000a\000t\000i\000e\000n\000t\000\040\000I\000n\000t\000e\000r\000a\000c\000t\000i\000o\000n}{chapter.10}% 97
\BOOKMARK [1][]{section.10.5}{\376\377\0001\0000\000.\0005\000\040\000L\000a\000b\000o\000r\000a\000t\000o\000r\000y\000\040\000I\000n\000t\000e\000r\000a\000c\000t\000i\000o\000n\000\040\000a\000n\000d\000\040\000T\000o\000o\000l\000\040\000A\000c\000q\000u\000i\000s\000i\000t\000i\000o\000n}{chapter.10}% 98
\BOOKMARK [1][]{section.10.6}{\376\377\0001\0000\000.\0006\000\040\000P\000e\000r\000f\000o\000r\000m\000i\000n\000g\000\040\000M\000e\000d\000i\000c\000a\000l\000\040\000P\000r\000o\000c\000e\000d\000u\000r\000e\000s}{chapter.10}% 99
\BOOKMARK [1][]{section.10.7}{\376\377\0001\0000\000.\0007\000\040\000E\000x\000i\000t\000\040\000f\000r\000o\000m\000\040\000t\000h\000e\000\040\000V\000i\000r\000t\000u\000a\000l\000\040\000E\000n\000v\000i\000r\000o\000n\000m\000e\000n\000t}{chapter.10}% 100
\BOOKMARK [0][]{chapter.11}{\376\377\0001\0001\000\040\000U\000s\000e\000r\000\040\000M\000a\000n\000u\000a\000l}{}% 101
\BOOKMARK [1][]{section.11.1}{\376\377\0001\0001\000.\0001\000\040\000C\000h\000o\000o\000s\000e\000\040\000S\000c\000e\000n\000a\000r\000i\000o}{chapter.11}% 102
\BOOKMARK [1][]{section.11.2}{\376\377\0001\0001\000.\0002\000\040\0001\000.\0001\000\040\000S\000t\000a\000r\000t\000\040\000S\000e\000s\000s\000i\000o\000n}{chapter.11}% 103
\BOOKMARK [1][]{section.11.3}{\376\377\0001\0001\000.\0003\000\040\0001\000.\0002\000\040\000C\000h\000o\000o\000s\000e\000\040\000S\000c\000e\000n\000a\000r\000i\000o}{chapter.11}% 104
\BOOKMARK [0][]{chapter.12}{\376\377\0001\0002\000\040\000C\000o\000n\000c\000l\000u\000s\000i\000o\000n\000s\000\040\000a\000n\000d\000\040\000F\000u\000t\000u\000r\000e\000\040\000W\000o\000r\000k}{}% 105
\BOOKMARK [1][]{section.12.1}{\376\377\0001\0002\000.\0001\000\040\000C\000o\000n\000c\000l\000u\000s\000i\000o\000n\000:}{chapter.12}% 106
\BOOKMARK [1][]{section.12.2}{\376\377\0001\0002\000.\0002\000\040\000F\000u\000t\000u\000r\000e\000\040\000W\000o\000r\000k\000:}{chapter.12}% 107
\BOOKMARK [0][]{chapter*.1}{\376\377\000R\000e\000f\000e\000r\000e\000n\000c\000e\000s}{}% 108
